0 info it worked if it ends with ok
1 verbose cli [ '/Users/maksimrv/.nvm/versions/node/v6.8.0/bin/node',
1 verbose cli   '/Users/maksimrv/.nvm/versions/node/v6.8.0/bin/npm',
1 verbose cli   'publish',
1 verbose cli   '--access=public' ]
2 info using npm@3.8.3
3 info using node@v6.8.0
4 verbose publish [ '.' ]
5 silly cache add args [ '.', null ]
6 verbose cache add spec .
7 silly cache add parsed spec Result {
7 silly cache add   raw: '.',
7 silly cache add   scope: null,
7 silly cache add   name: null,
7 silly cache add   rawSpec: '.',
7 silly cache add   spec: '/Users/maksimrv/www/js/youtrack-workflow',
7 silly cache add   type: 'directory' }
8 verbose addLocalDirectory /Users/maksimrv/.npm/@jetbrains/youtrack-scripting/0.0.21/package.tgz not in flight; packing
9 verbose correctMkdir /Users/maksimrv/.npm correctMkdir not in flight; initializing
10 info lifecycle @jetbrains/youtrack-scripting@0.0.21~prepublish: @jetbrains/youtrack-scripting@0.0.21
11 silly lifecycle @jetbrains/youtrack-scripting@0.0.21~prepublish: no script for prepublish, continuing
12 verbose tar pack [ '/Users/maksimrv/.npm/@jetbrains/youtrack-scripting/0.0.21/package.tgz',
12 verbose tar pack   '/Users/maksimrv/www/js/youtrack-workflow' ]
13 verbose tarball /Users/maksimrv/.npm/@jetbrains/youtrack-scripting/0.0.21/package.tgz
14 verbose folder /Users/maksimrv/www/js/youtrack-workflow
15 verbose addLocalTarball adding from inside cache /Users/maksimrv/.npm/@jetbrains/youtrack-scripting/0.0.21/package.tgz
16 verbose correctMkdir /Users/maksimrv/.npm correctMkdir not in flight; initializing
17 silly cache afterAdd @jetbrains/youtrack-scripting@0.0.21
18 verbose afterAdd /Users/maksimrv/.npm/@jetbrains/youtrack-scripting/0.0.21/package/package.json not in flight; writing
19 verbose correctMkdir /Users/maksimrv/.npm correctMkdir not in flight; initializing
20 verbose afterAdd /Users/maksimrv/.npm/@jetbrains/youtrack-scripting/0.0.21/package/package.json written
21 silly publish { name: '@jetbrains/youtrack-scripting',
21 silly publish   version: '0.0.21',
21 silly publish   description: '[![Build Status](https://img.shields.io/travis/JetBrains/youtrack-scripting/master.svg?style=flat-square)](https://travis-ci.org/JetBrains/youtrack-scripting) [![official JetBrains project](http://jb.gg/badges/official-flat-square.svg)](https://confluence.jetbrains.com/display/ALL/JetBrains+on+GitHub)',
21 silly publish   main: 'src/cli/index.js',
21 silly publish   bin: { 'youtrack-workflow': './bin/youtrack-workflow' },
21 silly publish   author: '',
21 silly publish   license: 'Apache-2.0',
21 silly publish   dependencies: { archiver: '2.0.0', minimist: '1.2.0', unzip: '0.1.11' },
21 silly publish   scripts:
21 silly publish    { lint: 'eslint .',
21 silly publish      test: 'mocha lib/**/*.test.js',
21 silly publish      bin: './bin/youtrack-workflow' },
21 silly publish   devDependencies:
21 silly publish    { eslint: '4.4.1',
21 silly publish      expect: '1.20.2',
21 silly publish      mocha: '3.0.2',
21 silly publish      'mock-fs': '3.11.0',
21 silly publish      nock: '8.0.0' },
21 silly publish   readme: '# youtrack-scripting\n\n[![Build Status](https://img.shields.io/travis/JetBrains/youtrack-scripting/master.svg?style=flat-square)](https://travis-ci.org/JetBrains/youtrack-scripting)\n[![official JetBrains project](http://jb.gg/badges/official-flat-square.svg)](https://confluence.jetbrains.com/display/ALL/JetBrains+on+GitHub)\n\nThe **@jetbrains/youtrack-scripting** package contains utilities that help you manage YouTrack workflows when you work in an external code editor. This lets you write and update workflows for YouTrack in JavaScript in your preferred development environment.\n\n## Quick Start\n\nTo work with the scripting package, you need to install and run [Node.js](https://nodejs.org/en/). This also installs the npm package manager that lets you work with the scripting package in your projects.\nNext, install the **@jetbrains/youtrack-scripting** package in your development environment. The easiest way to get started is to install the package globally with the following command:\n\n```npm install -g @jetbrains/youtrack-scripting```\n\nIf you prefer to install packages as dependencies in your development environment, enter:\n\n```npm install --save-dev @jetbrains/youtrack-scripting```\n\n## Utility Scripts\n\nThe package includes scripts that let you synchronize local changes with your YouTrack installation. The following commands are available:\n\n### List\n\n`youtrack-workflow list --host --token`\n\nThis command lists all of the workflows that are available in your YouTrack installation. To use this command, specify the following parameters:\n\nParameter | Description\n--- | :---\nhost | The base URL of your YouTrack installation. For an InCloud instance, include the trailing `/youtrack`.\ntoken | A permanent token that grants access to the YouTrack service. You can generate your own permanent tokens to authenticate with YouTrack on the **Authentication** tab of your Hub profile.\n\n### Download\n\n`youtrack-workflow download <workflowName> --host --token [--output]`\n\nThis command downloads the referenced workflow from your YouTrack installation. \n\nIf you don\'t specify a directory with the `output` parameter, a directory with the name `<workflowName>` is created in the current working directory and the workflow files are extracted into the new directory. Otherwise, the workflow is downloaded into the directory that is specified in the `output` parameter.\n\nHere, you also need to specify values for the `--host` and `--token` parameters to gain authorized access to YouTrack.\n\n### Upload\n\n`youtrack-workflow upload <dir> --host --token`\n\nThis command uploads the workflow from the specified directory to your YouTrack installation. First, the script checks the reference directory for a `package.json` file that contains the name of the workflow. If the file is not present or does not specify the workflow name, the name of the directory is used as the name of the uploaded workflow.\n\nSpecify values for the `--host` and `--token` parameters to gain authorized access to YouTrack.\n\n### Special Instructions for SSL Cerfiticates\n\nIf your YouTrack domain uses an SSL certificate that is issued by a known certificate authority, you can establish a connection using just your personal permanent token. Your certificate is already included in CA certificate store that is built into Node.js. For certificates that are issued by a CA that is not recognized automatically or is self-signed, you need to modify the environment variables in Node.js to recognize or ignore your certificate.\n\nFor more information, [refer to the YouTrack documentation](https://www.jetbrains.com/help/youtrack/incloud/js-workflow-external-editor.html#special-instructions-ssl-certificates).\n',
21 silly publish   readmeFilename: 'README.md',
21 silly publish   gitHead: '96765ed6c10faad9e5f31501901bf7ae518dada7',
21 silly publish   _id: '@jetbrains/youtrack-scripting@0.0.21',
21 silly publish   _shasum: 'abb1d33138f6b28f72e4a9dac36cc71af39fded2',
21 silly publish   _from: '.' }
22 verbose getPublishConfig undefined
23 silly mapToRegistry name @jetbrains/youtrack-scripting
24 silly mapToRegistry scope (from package name) @jetbrains
25 verbose mapToRegistry no registry URL found in name for scope @jetbrains
26 silly mapToRegistry using default registry
27 silly mapToRegistry registry https://registry.npmjs.org/
28 silly mapToRegistry data Result {
28 silly mapToRegistry   raw: '@jetbrains/youtrack-scripting',
28 silly mapToRegistry   scope: '@jetbrains',
28 silly mapToRegistry   name: '@jetbrains/youtrack-scripting',
28 silly mapToRegistry   rawSpec: '',
28 silly mapToRegistry   spec: 'latest',
28 silly mapToRegistry   type: 'tag' }
29 silly mapToRegistry uri https://registry.npmjs.org/@jetbrains%2fyoutrack-scripting
30 verbose publish registryBase https://registry.npmjs.org/
31 silly publish uploading /Users/maksimrv/.npm/@jetbrains/youtrack-scripting/0.0.21/package.tgz
32 verbose request uri https://registry.npmjs.org/@jetbrains%2fyoutrack-scripting
33 verbose request sending authorization for write operation
34 info attempt registry request try #1 at 8:45:24 PM
35 verbose request using bearer token for auth
36 verbose request id f3b7376d4ee7a2bd
37 http request PUT https://registry.npmjs.org/@jetbrains%2fyoutrack-scripting
38 http 403 https://registry.npmjs.org/@jetbrains%2fyoutrack-scripting
39 verbose headers { 'content-type': 'application/json',
39 verbose headers   'cache-control': 'max-age=0',
39 verbose headers   'content-length': '92',
39 verbose headers   'accept-ranges': 'bytes',
39 verbose headers   date: 'Fri, 24 Nov 2017 17:45:26 GMT',
39 verbose headers   via: '1.1 varnish',
39 verbose headers   connection: 'keep-alive',
39 verbose headers   'x-served-by': 'cache-ams4443-AMS',
39 verbose headers   'x-cache': 'MISS',
39 verbose headers   'x-cache-hits': '0',
39 verbose headers   'x-timer': 'S1511545525.097266,VS0,VE1247' }
40 verbose request invalidating /Users/maksimrv/.npm/registry.npmjs.org/_40jetbrains_252fyoutrack-scripting on PUT
41 error publish Failed PUT 403
42 verbose stack Error: You cannot publish over the previously published version 0.0.21. : @jetbrains/youtrack-scripting
42 verbose stack     at makeError (/Users/maksimrv/.nvm/versions/node/v6.8.0/lib/node_modules/npm/node_modules/npm-registry-client/lib/request.js:264:12)
42 verbose stack     at CachingRegistryClient.<anonymous> (/Users/maksimrv/.nvm/versions/node/v6.8.0/lib/node_modules/npm/node_modules/npm-registry-client/lib/request.js:252:14)
42 verbose stack     at Request._callback (/Users/maksimrv/.nvm/versions/node/v6.8.0/lib/node_modules/npm/node_modules/npm-registry-client/lib/request.js:172:14)
42 verbose stack     at Request.self.callback (/Users/maksimrv/.nvm/versions/node/v6.8.0/lib/node_modules/npm/node_modules/request/request.js:199:22)
42 verbose stack     at emitTwo (events.js:106:13)
42 verbose stack     at Request.emit (events.js:191:7)
42 verbose stack     at Request.<anonymous> (/Users/maksimrv/.nvm/versions/node/v6.8.0/lib/node_modules/npm/node_modules/request/request.js:1036:10)
42 verbose stack     at emitOne (events.js:101:20)
42 verbose stack     at Request.emit (events.js:188:7)
42 verbose stack     at IncomingMessage.<anonymous> (/Users/maksimrv/.nvm/versions/node/v6.8.0/lib/node_modules/npm/node_modules/request/request.js:963:12)
43 verbose statusCode 403
44 verbose pkgid @jetbrains/youtrack-scripting
45 verbose cwd /Users/maksimrv/www/js/youtrack-workflow
46 error Darwin 17.2.0
47 error argv "/Users/maksimrv/.nvm/versions/node/v6.8.0/bin/node" "/Users/maksimrv/.nvm/versions/node/v6.8.0/bin/npm" "publish" "--access=public"
48 error node v6.8.0
49 error npm  v3.8.3
50 error code E403
51 error You cannot publish over the previously published version 0.0.21. : @jetbrains/youtrack-scripting
52 error If you need help, you may report this error at:
52 error     <https://github.com/npm/npm/issues>
53 verbose exit [ 1, true ]
